<?xml version="1.0" encoding="UTF-8"?>
<!-- Generated by org.testng.reporters.JUnitReportReporter -->
<testsuite hostname="Kakashi" failures="0" tests="2" name="testpackage.Homepage" time="133.729" errors="0" timestamp="2025-01-30T08:04:15 IST" skipped="0">
  <testcase classname="testpackage.Homepage" name="verifytitle" time="0.041"/>
  <testcase classname="testpackage.Homepage" name="brokenLinks" time="133.688"/>
</testsuite> <!-- testpackage.Homepage -->
